                             Memory Type Usage Summary                              
+----------------------------------------------------------------------------------+
| Memory Type/Section   | Used [bytes] | Used [%] | Remain [bytes] | Total [bytes] |
|-----------------------+--------------+----------+----------------+---------------|
| Flash Code            |        84194 |     2.52 |        3258110 |       3342304 |
|    .text              |        84194 |     2.52 |                |               |
| IRAM                  |        51747 |    39.48 |          79325 |        131072 |
|    .text              |        50719 |     38.7 |                |               |
|    .vectors           |         1027 |     0.78 |                |               |
| Flash Data            |        39924 |     0.95 |        4154348 |       4194272 |
|    .rodata            |        39668 |     0.95 |                |               |
|    .appdesc           |          256 |     0.01 |                |               |
| DRAM                  |        11308 |     6.26 |         169428 |        180736 |
|    .data              |         9060 |     5.01 |                |               |
|    .bss               |         2248 |     1.24 |                |               |
| RTC SLOW              |           24 |     0.29 |           8168 |          8192 |
|    .rtc_slow_reserved |           24 |     0.29 |                |               |
+----------------------------------------------------------------------------------+
C:\Espressif\python_env\idf5.3_py3.11_env\Scripts\python.exe C:/Espressif/frameworks/esp-idf-v5.3.1/\components\partition_table\gen_esp32part.py C:\Users\21syl\workspace\Button_blink\build\partition_table\partition-table.bin
Total time taken to build the project: 13,128 ms