                             Memory Type Usage Summary                              
+----------------------------------------------------------------------------------+
| Memory Type/Section   | Used [bytes] | Used [%] | Remain [bytes] | Total [bytes] |
|-----------------------+--------------+----------+----------------+---------------|
| Flash Code            |        91874 |     2.75 |        3250430 |       3342304 |
|    .text              |        91874 |     2.75 |                |               |
| IRAM                  |        56175 |    42.86 |          74897 |        131072 |
|    .text              |        55147 |    42.07 |                |               |
|    .vectors           |         1027 |     0.78 |                |               |
| Flash Data            |        43908 |     1.05 |        4150364 |       4194272 |
|    .rodata            |        43652 |     1.04 |                |               |
|    .appdesc           |          256 |     0.01 |                |               |
| DRAM                  |        11316 |     6.26 |         169420 |        180736 |
|    .data              |         9060 |     5.01 |                |               |
|    .bss               |         2256 |     1.25 |                |               |
| RTC SLOW              |           24 |     0.29 |           8168 |          8192 |
|    .rtc_slow_reserved |           24 |     0.29 |                |               |
+----------------------------------------------------------------------------------+
C:\Espressif\python_env\idf5.3_py3.11_env\Scripts\python.exe C:/Espressif/frameworks/esp-idf-v5.3.1/\components\partition_table\gen_esp32part.py C:\Users\21syl\workspace\UART_blink\build\partition_table\partition-table.bin
Total time taken to build the project: 854 ms